<?xml version="1.0" encoding="UTF-8"?>
<!-- Generated by org.testng.reporters.JUnitReportReporter -->
<testsuite skipped="0" hostname="QT-INBG-LT0382" name="com.courseworkReadlibrary.readexceldatareusable" tests="1" failures="0" timestamp="19 Nov 2019 07:15:41 GMT" time="0.180" errors="0">
  <testcase name="main" time="0.180" classname="com.courseworkReadlibrary.readexceldatareusable"/>
</testsuite> <!-- com.courseworkReadlibrary.readexceldatareusable -->
