<?xml version="1.0" encoding="UTF-8"?>
<!-- Generated by org.testng.reporters.JUnitReportReporter -->
<testsuite skipped="0" hostname="QT-INBG-LT0382" name="com.courseworkReadlibrary.readlibrary" tests="1" failures="0" timestamp="19 Nov 2019 06:53:59 GMT" time="0.193" errors="0">
  <testcase name="readlibrary2" time="0.193" classname="com.courseworkReadlibrary.readlibrary"/>
</testsuite> <!-- com.courseworkReadlibrary.readlibrary -->
