<?xml version="1.0" encoding="UTF-8"?>
<!-- Generated by org.testng.reporters.JUnitReportReporter -->
<testsuite skipped="0" hostname="QT-INBG-LT0382" name="com.courseworkframeworkweb.ReadandWriteExl" tests="1" failures="0" timestamp="19 Nov 2019 04:41:07 GMT" time="0.183" errors="0">
  <testcase name="readexcel" time="0.183" classname="com.courseworkframeworkweb.ReadandWriteExl"/>
</testsuite> <!-- com.courseworkframeworkweb.ReadandWriteExl -->
