<?xml version="1.0" encoding="UTF-8"?>
<!-- Generated by org.testng.reporters.JUnitReportReporter -->
<testsuite skipped="0" hostname="QT-INBG-LT0382" name="com.courseworkframeworkweb.Actionclass" tests="1" failures="0" timestamp="25 Sep 2019 09:32:11 GMT" time="38.262" errors="0">
  <testcase name="basepageNavigation" time="38.262" classname="com.courseworkframeworkweb.Actionclass"/>
</testsuite> <!-- com.courseworkframeworkweb.Actionclass -->
